%!Adobe-FontList 1.14
%Locale:0x412

%BeginFont
Handler:DirectoryHandler
FontType:CID
FontName:KozGoPr6N-ExtraLight
FamilyName:Kozuka Gothic Pr6N
StyleName:EL
FullName:Kozuka Gothic Pr6N EL
MenuName:Kozuka Gothic Pr6N EL
StyleBits:0
FamilyNameNative:小塚ゴシック Pr6N
StyleNameNative:EL
FullNameNative:小塚ゴシック Pr6N EL
WritingScript:Japanese
OutlineFileName:\\ACORNNAS\Data\원서파일\まつもとゆきひろ 言語のしくみ(마쓰모토 유키히로 언어의 구조)\校了データ\009-matsumoto_chap1\Document fonts\KozGoPr6N-ExtraLight.otf
DataFormat:sfntData
isCFF:yes
FileLength:5036948
FileModTime:1425005684
WeightClass:250
WidthClass:5
AngleClass:0
%EndFont

%BeginFont
Handler:DirectoryHandler
FontType:CID
FontName:KozGoPr6N-Regular
FamilyName:Kozuka Gothic Pr6N
StyleName:R
FullName:Kozuka Gothic Pr6N R
MenuName:Kozuka Gothic Pr6N R
StyleBits:0
FamilyNameNative:小塚ゴシック Pr6N
StyleNameNative:R
FullNameNative:小塚ゴシック Pr6N R
WritingScript:Japanese
OutlineFileName:\\ACORNNAS\Data\원서파일\まつもとゆきひろ 言語のしくみ(마쓰모토 유키히로 언어의 구조)\校了データ\009-matsumoto_chap1\Document fonts\KozGoPr6N-Regular.otf
DataFormat:sfntData
isCFF:yes
FileLength:5423644
FileModTime:1425005684
WeightClass:400
WidthClass:5
AngleClass:0
%EndFont

%BeginFont
Handler:DirectoryHandler
FontType:Type1
FontName:LetterGothicStd-Bold
FamilyName:Letter Gothic Std
StyleName:Bold
FullName:Letter Gothic Std Bold
MenuName:Letter Gothic Std
StyleBits:2
WritingScript:Roman
OutlineFileName:\\ACORNNAS\Data\원서파일\まつもとゆきひろ 言語のしくみ(마쓰모토 유키히로 언어의 구조)\校了データ\009-matsumoto_chap1\Document fonts\LetterGothicStd-Bold.otf
DataFormat:sfntData
UsesStandardEncoding:yes
isCFF:yes
FileLength:34972
FileModTime:1425005686
WeightClass:700
WidthClass:5
AngleClass:0
DesignSize:120
%EndFont

